[13:56:14] [ServerMain/INFO]: Environment: Environment[sessionHost=https://sessionserver.mojang.com, servicesHost=https://api.minecraftservices.com, name=PROD]
[13:56:16] [ServerMain/INFO]: Loaded 1174 recipes
[13:56:16] [ServerMain/INFO]: Loaded 1271 advancements
[13:56:16] [Server thread/INFO]: Starting minecraft server version 1.20.4
[13:56:16] [Server thread/INFO]: Loading properties
[13:56:16] [Server thread/INFO]: This server is running Paper version git-Paper-422 (MC: 1.20.4) (Implementing API version 1.20.4-R0.1-SNAPSHOT) (Git: cde5587)
[13:56:17] [Server thread/INFO]: Server Ping Player Sample Count: 12
[13:56:17] [Server thread/INFO]: Using 4 threads for Netty based IO
[13:56:17] [Server thread/WARN]: [!] The timings profiler has been enabled but has been scheduled for removal from Paper in the future.
    We recommend installing the spark profiler as a replacement: https://spark.lucko.me/
    For more information please visit: https://github.com/PaperMC/Paper/issues/8948
[13:56:17] [Server thread/INFO]: [ChunkTaskScheduler] Chunk system is using 1 I/O threads, 1 worker threads, and gen parallelism of 1 threads
[13:56:18] [Server thread/INFO]: Default game type: CREATIVE
[13:56:18] [Server thread/INFO]: Generating keypair
[13:56:18] [Server thread/INFO]: Starting Minecraft server on *:25565
[13:56:18] [Server thread/INFO]: Using epoll channel type
[13:56:18] [Server thread/INFO]: Paper: Using libdeflate (Linux x86_64) compression from Velocity.
[13:56:18] [Server thread/INFO]: Paper: Using OpenSSL 1.1.x (Linux x86_64) cipher from Velocity.
[13:56:18] [Server thread/WARN]: [org.bukkit.craftbukkit.v1_20_R3.legacy.CraftLegacy] Initializing Legacy Material Support. Unless you have legacy plugins and/or data this is a bug!
[13:56:21] [Server thread/WARN]: Legacy plugin FarmProtect v1.9.0 does not specify an api-version.
[13:56:21] [Server thread/INFO]: [Vault] Loading server plugin Vault v1.7.3-b131
[13:56:21] [Server thread/INFO]: [WorldEdit] Loading server plugin WorldEdit v7.2.19+6642-415ef95
[13:56:22] [Server thread/INFO]: Got request to register class com.sk89q.worldedit.bukkit.BukkitServerInterface with WorldEdit [com.sk89q.worldedit.extension.platform.PlatformManager@7d937254]
[13:56:22] [Server thread/INFO]: [WorldEdit] Default configuration file written: config.yml
[13:56:22] [Server thread/INFO]: [Essentials] Loading server plugin Essentials v2.20.1
[13:56:22] [Server thread/INFO]: [WorldGuard] Loading server plugin WorldGuard v7.0.9+5934e49
[13:56:22] [Server thread/INFO]: [CoreProtect] Loading server plugin CoreProtect v22.2
[13:56:22] [Server thread/INFO]: [DriveBackupV2] Loading server plugin DriveBackupV2 v1.6.1
[13:56:22] [Server thread/INFO]: [FarmProtect] Loading server plugin FarmProtect v1.9.0
[13:56:22] [Server thread/INFO]: [Geyser-Spigot] Loading server plugin Geyser-Spigot v2.2.2-SNAPSHOT
[13:56:23] [Server thread/INFO]: [Geyser-Spigot] Loading extensions...
[13:56:23] [Server thread/INFO]: [Geyser-Spigot] Loaded 0 extension(s)
[13:56:23] [Server thread/INFO]: [SinglePlayerSleep] Loading server plugin SinglePlayerSleep v1.13_2.13.50
[13:56:23] [Server thread/INFO]: [dynmap] Loading server plugin dynmap v3.6-899
[13:56:23] [Server thread/INFO]: [dynmap] version=git-Paper-422 (MC: 1.20.4)
[13:56:23] [Server thread/INFO]: [dynmap] Mod Support API available
[13:56:23] [Server thread/INFO]: [GriefPrevention] Loading server plugin GriefPrevention v16.18.2
[13:56:23] [Server thread/INFO]: [voicechat] Loading server plugin voicechat v2.4.30
[13:56:23] [Server thread/INFO]: [playit-gg] Loading server plugin playit-gg v0.1.4
[13:56:23] [Server thread/INFO]: [DeadChest] Loading server plugin DeadChest v4.18.0
[13:56:23] [Server thread/INFO]: [DeadChest] Worldguard support disabled by user
[13:56:23] [Server thread/INFO]: [Zenchantments] Loading server plugin Zenchantments v19.4.0
[13:56:23] [Server thread/INFO]: Server permissions file permissions.yml is empty, ignoring it
[13:56:23] [Server thread/INFO]: [Vault] Enabling Vault v1.7.3-b131
[13:56:23] [Server thread/INFO]: [Vault] [Economy] Essentials Economy found: Waiting
[13:56:23] [Server thread/INFO]: [Vault] [Permission] SuperPermissions loaded as backup permission system.
[13:56:23] [Server thread/INFO]: [Vault] Enabled Version 1.7.3-b131
[13:56:23] [Server thread/INFO]: [WorldEdit] Enabling WorldEdit v7.2.19+6642-415ef95
[13:56:23] [Server thread/INFO]: Registering commands with com.sk89q.worldedit.bukkit.BukkitServerInterface
[13:56:23] [Server thread/INFO]: WEPIF: Updated config file
[13:56:23] [Server thread/INFO]: WEPIF: Vault detected! Using Vault for permissions
[13:56:23] [Server thread/INFO]: Using com.sk89q.worldedit.bukkit.adapter.impl.v1_20_R3.PaperweightAdapter as the Bukkit adapter
[13:56:24] [Server thread/WARN]: **** SERVER IS RUNNING IN OFFLINE/INSECURE MODE!
[13:56:24] [Server thread/WARN]: The server will make no attempt to authenticate usernames. Beware.
[13:56:24] [Server thread/WARN]: While this makes the game possible to play without internet access, it also opens up the ability for hackers to connect with any username they choose.
[13:56:24] [Server thread/WARN]: To change this, set "online-mode" to "true" in the server.properties file.
[13:56:24] [Server thread/INFO]: Preparing level "world"
[13:56:25] [Server thread/INFO]: Preparing start region for dimension minecraft:overworld
[13:56:26] [Server thread/INFO]: Time elapsed: 293 ms
[13:56:26] [Server thread/INFO]: Preparing start region for dimension minecraft:the_nether
[13:56:26] [Server thread/INFO]: Time elapsed: 162 ms
[13:56:26] [Server thread/INFO]: Preparing start region for dimension minecraft:the_end
[13:56:26] [Server thread/INFO]: Time elapsed: 36 ms
[13:56:26] [Server thread/INFO]: [Essentials] Enabling Essentials v2.20.1
[13:56:26] [Server thread/ERROR]: [Essentials] You are running an unsupported server version!
[13:56:26] [Server thread/INFO]: [Essentials] Creating config from template: plugins/Essentials/config.yml
[13:56:26] [Server thread/WARN]: [Essentials] Missing userdata folder, aborting
[13:56:26] [Server thread/INFO]: [Essentials] Creating config from template: plugins/Essentials/kits.yml
[13:56:26] [Server thread/INFO]: [Essentials] Attempting to convert old kits in config.yml to new kits.yml
[13:56:26] [Server thread/INFO]: [Essentials] No kits found to migrate.
[13:56:26] [Server thread/INFO]: [Essentials] Starting Essentials ban format conversion
[13:56:26] [Server thread/INFO]: [Essentials] Attempting to migrate ignore list to UUIDs
[13:56:26] [Server thread/INFO]: [Essentials] Attempting to migrate legacy userdata keys to Configurate
[13:56:26] [Server thread/INFO]: [Essentials] Creating config from template: plugins/Essentials/worth.yml
[13:56:26] [Server thread/INFO]: [Essentials] Creating config from template: plugins/Essentials/tpr.yml
[13:56:27] [Server thread/INFO]: [Essentials] Loaded 39094 items from items.json.
[13:56:27] [Server thread/INFO]: [Essentials] Creating config from template: plugins/Essentials/custom_items.yml
[13:56:27] [Server thread/INFO]: [Essentials] Using locale en
[13:56:27] [Server thread/INFO]: [Essentials] ServerListPingEvent: Spigot iterator API
[13:56:27] [Server thread/INFO]: [Essentials] Starting Metrics. Opt-out using the global bStats config.
[13:56:27] [Server thread/INFO]: [Vault] [Economy] Essentials Economy hooked.
[13:56:27] [Server thread/INFO]: [Essentials] Using superperms-based permissions.
[13:56:27] [Server thread/INFO]: [WorldGuard] Enabling WorldGuard v7.0.9+5934e49
[13:56:27] [Server thread/INFO]: [WorldGuard] Default configuration file written: config.yml
[13:56:27] [Server thread/INFO]: [WorldGuard] Default configuration file written: config_world.yml
[13:56:27] [Server thread/INFO]: [WorldGuard] Default configuration file written: blacklist.txt
[13:56:28] [Server thread/INFO]: [WorldGuard] (world) TNT ignition is PERMITTED.
[13:56:28] [Server thread/INFO]: [WorldGuard] (world) Lighters are PERMITTED.
[13:56:28] [Server thread/INFO]: [WorldGuard] (world) Lava fire is PERMITTED.
[13:56:28] [Server thread/INFO]: [WorldGuard] (world) Fire spread is UNRESTRICTED.
[13:56:28] [Server thread/INFO]: [WorldGuard] Loaded configuration for world 'world'
[13:56:28] [Server thread/INFO]: [WorldGuard] Default configuration file written: config_world.yml
[13:56:28] [Server thread/INFO]: [WorldGuard] Default configuration file written: blacklist.txt
[13:56:28] [Server thread/INFO]: [WorldGuard] (world_nether) TNT ignition is PERMITTED.
[13:56:28] [Server thread/INFO]: [WorldGuard] (world_nether) Lighters are PERMITTED.
[13:56:28] [Server thread/INFO]: [WorldGuard] (world_nether) Lava fire is PERMITTED.
[13:56:28] [Server thread/INFO]: [WorldGuard] (world_nether) Fire spread is UNRESTRICTED.
[13:56:28] [Server thread/INFO]: [WorldGuard] Loaded configuration for world 'world_nether'
[13:56:28] [Server thread/INFO]: [WorldGuard] Default configuration file written: config_world.yml
[13:56:28] [Server thread/INFO]: [WorldGuard] Default configuration file written: blacklist.txt
[13:56:28] [Server thread/INFO]: [WorldGuard] (world_the_end) TNT ignition is PERMITTED.
[13:56:28] [Server thread/INFO]: [WorldGuard] (world_the_end) Lighters are PERMITTED.
[13:56:28] [Server thread/INFO]: [WorldGuard] (world_the_end) Lava fire is PERMITTED.
[13:56:28] [Server thread/INFO]: [WorldGuard] (world_the_end) Fire spread is UNRESTRICTED.
[13:56:28] [Server thread/INFO]: [WorldGuard] Loaded configuration for world 'world_the_end'
[13:56:28] [Server thread/INFO]: [WorldGuard] Loading region data...
[13:56:28] [Server thread/INFO]: [WorldGuard] Unloading and saving region data that is currently loaded...
[13:56:28] [Server thread/INFO]: [WorldGuard] Loading region data for loaded worlds...
[13:56:28] [Server thread/INFO]: [WorldGuard] Loading region data...
[13:56:28] [Server thread/INFO]: [WorldGuard] Regions saved after UUID migration! This won't happen again unless you change the relevant configuration option in WorldGuard's config.
[13:56:28] [Server thread/INFO]: [CoreProtect] Enabling CoreProtect v22.2
[13:56:30] [Server thread/INFO]: [CoreProtect] CoreProtect has been successfully enabled! 
[13:56:30] [Server thread/INFO]: [CoreProtect] Using SQLite for data storage.
[13:56:30] [Server thread/INFO]: --------------------
[13:56:30] [Server thread/INFO]: [CoreProtect] Enjoy CoreProtect? Join our Discord!
[13:56:30] [Server thread/INFO]: [CoreProtect] Discord: www.coreprotect.net/discord/
[13:56:30] [Server thread/INFO]: --------------------
[13:56:30] [Server thread/INFO]: [DriveBackupV2] Enabling DriveBackupV2 v1.6.1
[13:56:31] [Server thread/INFO]: [DriveBackupV2] Config loaded!
[13:56:31] [Server thread/INFO]: [DriveBackupV2] Scheduling a backup to run every 60 minutes
[13:56:31] [Server thread/INFO]: [DriveBackupV2] Metrics started
[13:56:31] [Server thread/INFO]: [FarmProtect] Enabling FarmProtect v1.9.0*
[13:56:31] [Server thread/INFO]: [FarmProtect] Cannot find config.yml, Generating now....
[13:56:31] [Server thread/INFO]: [FarmProtect] Config generated !
[13:56:32] [Thread-13/ERROR]: [FarmProtect] The updater could not access files at: /workspaces/minecraft-own-cloud-host-github/plugins/update
[13:56:33] [Thread-13/INFO]: [FarmProtect] About to download a new update: FarmProtect v1.9.0
[13:56:33] [Thread-13/INFO]: [FarmProtect] Downloading update: 60% of 42920 bytes.
[13:56:33] [Thread-13/INFO]: [FarmProtect] Downloading update: 70% of 42920 bytes.
[13:56:33] [Thread-13/INFO]: [FarmProtect] Downloading update: 100% of 42920 bytes.
[13:56:33] [Thread-13/INFO]: [FarmProtect] Finished updating.
[13:56:33] [Server thread/INFO]: [FarmProtect] Version 1.9.0 by jacklin213 has been Enabled!
[13:56:33] [Server thread/INFO]: [Geyser-Spigot] Enabling Geyser-Spigot v2.2.2-SNAPSHOT
[13:56:33] [Server thread/INFO]: [SinglePlayerSleep] Enabling SinglePlayerSleep v1.13_2.13.50
[13:56:33] [Server thread/INFO]: §a**************************************§r
[13:56:33] [Server thread/INFO]: §eSinglePlayerSleep v1.13_2.13.50§r Loading...
[13:56:33] [Server thread/INFO]: §eSinglePlayerSleep v1.13_2.13.50§r Data Folder doesn't exist
[13:56:33] [Server thread/INFO]: §eSinglePlayerSleep v1.13_2.13.50§r Creating Data Folder
[13:56:33] [Server thread/INFO]: §eSinglePlayerSleep v1.13_2.13.50§r Data Folder Created at plugins/SinglePlayerSleep
[13:56:33] [Server thread/INFO]: §eSinglePlayerSleep v1.13_2.13.50§r plugins/SinglePlayerSleep/config.yml
[13:56:33] [Server thread/INFO]: §eSinglePlayerSleep v1.13_2.13.50§r config.yml not found, creating!
[13:56:33] [Server thread/INFO]: Checking for updates...
[13:56:34] [Server thread/INFO]: §eSinglePlayerSleep v1.13_2.13.50§r *!*!*!*!*!*!*!*!*!*!*!*!*!*!*!*!*!*!*!*!*!*!*!*!*!*!*!*
[13:56:34] [Server thread/INFO]: §eSinglePlayerSleep v1.13_2.13.50§r * Version is up to date!
[13:56:34] [Server thread/INFO]: §eSinglePlayerSleep v1.13_2.13.50§r * Donate: https://ko-fi.com/joelgodofwar
[13:56:34] [Server thread/INFO]: §eSinglePlayerSleep v1.13_2.13.50§r *!*!*!*!*!*!*!*!*!*!*!*!*!*!*!*!*!*!*!*!*!*!*!*!*!*!*!*
[13:56:34] [Server thread/INFO]: §eSinglePlayerSleep v1.13_2.13.50§r plugins/SinglePlayerSleep/permissions.yml
[13:56:34] [Server thread/INFO]: §eSinglePlayerSleep v1.13_2.13.50§r permissions.yml not found, creating! This is a sample only!
[13:56:34] [Server thread/INFO]: §eSinglePlayerSleep v1.13_2.13.50§r This server is running Paper version git-Paper-422 (MC: 1.20.4) (Implementing API version 1.20.4-R0.1-SNAPSHOT)
[13:56:34] [Server thread/INFO]: §eSinglePlayerSleep v1.13_2.13.50§r vardebug=false debug=error in plugins/SinglePlayerSleep/config.yml
[13:56:34] [Server thread/INFO]: §eSinglePlayerSleep v1.13_2.13.50§r jarfilename=/workspaces/minecraft-own-cloud-host-github/plugins/SinglePlayerSleep-1.13_2.13.50.jar
[13:56:34] [Server thread/INFO]: §a**************************************§r
[13:56:34] [Server thread/INFO]: §eSinglePlayerSleep v1.13_2.13.50§r is ENABLED - Loading took 524 ms.
[13:56:34] [Server thread/INFO]: §a**************************************§r
[13:56:34] [Server thread/INFO]: [dynmap] Enabling dynmap v3.6-899
[13:56:34] [Server thread/ERROR]: Error occurred while enabling dynmap v3.6-899 (Is it up to date?)
java.lang.NoSuchFieldError: Class net.minecraft.world.level.block.Block does not have member field 'net.minecraft.core.RegistryBlockID o'
	at org.dynmap.bukkit.helper.v120.BukkitVersionHelperSpigot120.initializeBlockStates(BukkitVersionHelperSpigot120.java:159) ~[Dynmap-3.6-spigot.jar:?]
	at org.dynmap.bukkit.DynmapPlugin.onEnable(DynmapPlugin.java:933) ~[Dynmap-3.6-spigot.jar:?]
	at org.bukkit.plugin.java.JavaPlugin.setEnabled(JavaPlugin.java:287) ~[paper-api-1.20.4-R0.1-SNAPSHOT.jar:?]
	at io.papermc.paper.plugin.manager.PaperPluginInstanceManager.enablePlugin(PaperPluginInstanceManager.java:188) ~[paper-1.20.4.jar:git-Paper-422]
	at io.papermc.paper.plugin.manager.PaperPluginManagerImpl.enablePlugin(PaperPluginManagerImpl.java:104) ~[paper-1.20.4.jar:git-Paper-422]
	at org.bukkit.plugin.SimplePluginManager.enablePlugin(SimplePluginManager.java:507) ~[paper-api-1.20.4-R0.1-SNAPSHOT.jar:?]
	at org.bukkit.craftbukkit.v1_20_R3.CraftServer.enablePlugin(CraftServer.java:637) ~[paper-1.20.4.jar:git-Paper-422]
	at org.bukkit.craftbukkit.v1_20_R3.CraftServer.enablePlugins(CraftServer.java:548) ~[paper-1.20.4.jar:git-Paper-422]
	at net.minecraft.server.MinecraftServer.loadWorld0(MinecraftServer.java:671) ~[paper-1.20.4.jar:git-Paper-422]
	at net.minecraft.server.MinecraftServer.loadLevel(MinecraftServer.java:431) ~[paper-1.20.4.jar:git-Paper-422]
	at net.minecraft.server.dedicated.DedicatedServer.initServer(DedicatedServer.java:309) ~[paper-1.20.4.jar:git-Paper-422]
	at net.minecraft.server.MinecraftServer.runServer(MinecraftServer.java:1131) ~[paper-1.20.4.jar:git-Paper-422]
	at net.minecraft.server.MinecraftServer.lambda$spin$0(MinecraftServer.java:319) ~[paper-1.20.4.jar:git-Paper-422]
	at java.lang.Thread.run(Thread.java:1583) ~[?:?]
[13:56:34] [Server thread/INFO]: [dynmap] Disabling dynmap v3.6-899
[13:56:34] [Server thread/ERROR]: Error occurred while disabling dynmap v3.6-899
java.lang.NullPointerException: Cannot invoke "org.dynmap.DynmapCore.disableCore()" because "this.core" is null
	at org.dynmap.bukkit.DynmapPlugin.onDisable(DynmapPlugin.java:1094) ~[Dynmap-3.6-spigot.jar:?]
	at org.bukkit.plugin.java.JavaPlugin.setEnabled(JavaPlugin.java:290) ~[paper-api-1.20.4-R0.1-SNAPSHOT.jar:?]
	at io.papermc.paper.plugin.manager.PaperPluginInstanceManager.disablePlugin(PaperPluginInstanceManager.java:223) ~[paper-1.20.4.jar:git-Paper-422]
	at io.papermc.paper.plugin.manager.PaperPluginManagerImpl.disablePlugin(PaperPluginManagerImpl.java:109) ~[paper-1.20.4.jar:git-Paper-422]
	at org.bukkit.plugin.SimplePluginManager.disablePlugin(SimplePluginManager.java:537) ~[paper-api-1.20.4-R0.1-SNAPSHOT.jar:?]
	at io.papermc.paper.plugin.manager.PaperPluginInstanceManager.enablePlugin(PaperPluginInstanceManager.java:192) ~[paper-1.20.4.jar:git-Paper-422]
	at io.papermc.paper.plugin.manager.PaperPluginManagerImpl.enablePlugin(PaperPluginManagerImpl.java:104) ~[paper-1.20.4.jar:git-Paper-422]
	at org.bukkit.plugin.SimplePluginManager.enablePlugin(SimplePluginManager.java:507) ~[paper-api-1.20.4-R0.1-SNAPSHOT.jar:?]
	at org.bukkit.craftbukkit.v1_20_R3.CraftServer.enablePlugin(CraftServer.java:637) ~[paper-1.20.4.jar:git-Paper-422]
	at org.bukkit.craftbukkit.v1_20_R3.CraftServer.enablePlugins(CraftServer.java:548) ~[paper-1.20.4.jar:git-Paper-422]
	at net.minecraft.server.MinecraftServer.loadWorld0(MinecraftServer.java:671) ~[paper-1.20.4.jar:git-Paper-422]
	at net.minecraft.server.MinecraftServer.loadLevel(MinecraftServer.java:431) ~[paper-1.20.4.jar:git-Paper-422]
	at net.minecraft.server.dedicated.DedicatedServer.initServer(DedicatedServer.java:309) ~[paper-1.20.4.jar:git-Paper-422]
	at net.minecraft.server.MinecraftServer.runServer(MinecraftServer.java:1131) ~[paper-1.20.4.jar:git-Paper-422]
	at net.minecraft.server.MinecraftServer.lambda$spin$0(MinecraftServer.java:319) ~[paper-1.20.4.jar:git-Paper-422]
	at java.lang.Thread.run(Thread.java:1583) ~[?:?]
[13:56:34] [Server thread/INFO]: [GriefPrevention] Enabling GriefPrevention v16.18.2
[13:56:34] [Server thread/INFO]: [GriefPrevention] Finished loading configuration.
[13:56:34] [Server thread/INFO]: [GriefPrevention] 0 total claims loaded.
[13:56:34] [Server thread/INFO]: [GriefPrevention] Customizable messages loaded.
[13:56:34] [Server thread/INFO]: [GriefPrevention] Successfully hooked into WorldGuard.
[13:56:34] [Server thread/INFO]: [GriefPrevention] Finished loading data (File Mode).
[13:56:34] [Server thread/INFO]: [GriefPrevention] Boot finished.
[13:56:35] [Server thread/INFO]: [voicechat] Enabling voicechat v2.4.30
[13:56:35] [Server thread/INFO]: [voicechat] Initializing compatibility for Bukkit version 1.20.4-R0.1
[13:56:35] [Server thread/INFO]: [voicechat] Compatibility version 17
[13:56:35] [Server thread/INFO]: [voicechat] Successfully initialized commodore command completion
[13:56:35] [Server thread/INFO]: [playit-gg] Enabling playit-gg v0.1.4
[13:56:35] [Server thread/INFO]: [DeadChest] Enabling DeadChest v4.18.0
[13:56:35] [Thread-16/INFO]: [gg.playit.minecraft.PlayitKeysSetup] secret key found, checking
[13:56:35] [Thread-16/INFO]: [gg.playit.minecraft.PlayitKeysSetup] check secret
[13:56:35] [Server thread/INFO]: [Zenchantments] Enabling Zenchantments v19.4.0
[13:56:35] [Server thread/INFO]: [Zenchantments] Switching to locale en
[13:56:35] [Server thread/INFO]: [Geyser-Spigot] ******************************************
[13:56:35] [Server thread/INFO]: [Geyser-Spigot] 
[13:56:35] [Server thread/INFO]: [Geyser-Spigot] Loading Geyser version 2.2.2-SNAPSHOT (git-master-aca368e)
[13:56:35] [Server thread/INFO]: [Geyser-Spigot] 
[13:56:35] [Server thread/INFO]: [Geyser-Spigot] ******************************************
[13:56:37] [Thread-16/INFO]: [gg.playit.minecraft.PlayitKeysSetup] found minecraft java tunnel: very-qualified.gl.joinmc.link
[13:56:37] [Thread-16/INFO]: [gg.playit.minecraft.PlayitManager] keys and tunnel setup
[13:56:37] [Thread-16/INFO]: playit.gg: tunnel setup
[13:56:37] [Thread-16/INFO]: playit.gg: very-qualified.gl.joinmc.link
[13:56:37] [Thread-16/WARN]: [gg.playit.control.ChannelSetup] Got IO error working with :control.playit.gg/2602:fbaf:840:0:0:0:0:1, error : java.net.SocketException: Network is unreachable
[13:56:38] [Thread-16/INFO]: [gg.playit.control.ChannelSetup] request queued, waiting 1 second before resend
[13:56:39] [Thread-16/INFO]: [gg.playit.control.ChannelSetup] request queued, waiting 1 second before resend
[13:56:39] [epollEventLoopGroup-4-2/INFO]: [Geyser-Spigot] Started Geyser on 0.0.0.0:19132
[13:56:39] [Server thread/INFO]: [Geyser-Spigot] Done (3.74s)! Run /geyser help for help!
[13:56:39] [Server thread/INFO]: Running delayed init tasks
[13:56:39] [Server thread/INFO]: [Essentials] Essentials found a compatible payment resolution method: Vault Compatibility Layer (v1.7.3-b131)!
[13:56:39] [Server thread/INFO]: [CoreProtect] WorldEdit logging successfully initialized.
[13:56:39] [Craft Scheduler Thread - 3 - Essentials/INFO]: [Essentials] Fetching version information...
[13:56:39] [Craft Scheduler Thread - 2 - DriveBackupV2/INFO]: [DriveBackupV2] Checking for updates...
[13:56:39] [Craft Scheduler Thread - 1 - Vault/INFO]: [Vault] Checking for Updates ... 
[13:56:39] [Server thread/INFO]: Done (23.025s)! For help, type "help"
[13:56:39] [Server thread/INFO]: Timings Reset
[13:56:39] [Craft Scheduler Thread - 1 - Vault/INFO]: [Vault] No new version available
[13:56:39] [Server thread/INFO]: [voicechat] Loading plugins
[13:56:39] [Server thread/INFO]: [voicechat] Loaded 0 plugin(s)
[13:56:39] [Server thread/INFO]: [voicechat] Initializing plugins
[13:56:39] [Server thread/INFO]: [voicechat] Initialized 0 plugin(s)
[13:56:39] [Server thread/WARN]: [voicechat] Running in offline mode - Voice chat encryption is not secure!
[13:56:39] [VoiceChatServerThread/INFO]: [voicechat] Voice chat server started at port 24454
[13:56:39] [ForkJoinPool.commonPool-worker-1/WARN]: [Geyser-Spigot] Missing MC locale file: en_us
[13:56:39] [ForkJoinPool.commonPool-worker-1/INFO]: [Geyser-Spigot] Downloading Minecraft JAR to extract required files, please wait... (this may take some time depending on the speed of your internet connection)
[13:56:40] [ForkJoinPool.commonPool-worker-1/INFO]: [Geyser-Spigot] Minecraft JAR has been successfully downloaded and loaded!
[13:57:38] [Thread-16/INFO]: [gg.playit.minecraft.PlayitManager] got new client: NewClient{connectAddr=147.185.221.18:29325, peerAddr=27.7.235.187:57169, claimAddress=209.25.143.2:43784, claimToken=[44, 0, 60, -109, -71, -35, 18, 114, -115, 27, 7, -21, -69, -33, 81, -19, 84, 43, -117, -85, 8, 101, -44, -81, -45, 0, 0, 0, 0, 0, 6, -83, -23, 0, 0, 0, 0, 0, 46, 43, -106, 115, -117, -85, 8, 0, 0, 0, 0, 18, 0, 0, 0, 0, 0, 0, -41, -49, 0, 1, 123, -120, 106, 44, 52, -76, 57, -72, -49, -126, 9, -23, -4, 120, -110, 88], tunnelServerId=55247, dataCenterId=18}
[13:57:38] [Thread-16/INFO]: [gg.playit.minecraft.PlayitManager] starting tcp tunnel for client
[13:57:39] [Thread-16/INFO]: [gg.playit.minecraft.PlayitTcpTunnel] start connection to /209.25.143.2:43784 to claim client
[13:57:39] [nioEventLoopGroup-2-1/INFO]: [gg.playit.minecraft.PlayitTcpTunnel] connected to tunnel server, sending claim token
[13:57:39] [nioEventLoopGroup-2-1/INFO]: [gg.playit.minecraft.PlayitTcpTunnel] claim token sent
[13:57:39] [nioEventLoopGroup-2-1/INFO]: [gg.playit.minecraft.PlayitTcpTunnel] connection to tunnel server has been established
[13:57:39] [nioEventLoopGroup-2-1/INFO]: [gg.playit.minecraft.PlayitTcpTunnel] Reflect: ReflectionHelper{ServerConnection=class net.minecraft.server.network.ServerConnection, LegacyPingHandler=class net.minecraft.server.network.LegacyPingHandler, MinecraftServer=class net.minecraft.server.MinecraftServer, PacketSplitter=class net.minecraft.network.PacketSplitter, PacketDecoder=class net.minecraft.network.PacketDecoder, EnumProtocolDirection=class net.minecraft.network.protocol.EnumProtocolDirection, PacketPrepender=class net.minecraft.network.PacketPrepender, PacketEncoder=class net.minecraft.network.PacketEncoder, NetworkManagerServer=class net.minecraft.network.NetworkManagerServer, NetworkManager=class net.minecraft.network.NetworkManager, HandshakeListener=class net.minecraft.server.network.HandshakeListener, PacketListener=interface net.minecraft.network.PacketListener, CraftServer=null}
[13:57:39] [nioEventLoopGroup-2-1/INFO]: [gg.playit.minecraft.PlayitTcpTunnel] failed to get Minecraft server from Bukkit.getServer()
[13:57:39] [nioEventLoopGroup-2-1/INFO]: [gg.playit.minecraft.PlayitTcpTunnel] connecting to minecraft server at localhost/127.0.0.1:25565
[13:57:39] [nioEventLoopGroup-2-2/INFO]: [gg.playit.minecraft.PlayitTcpTunnel] connected to local minecraft server
[13:57:39] [User Authenticator #0/INFO]: UUID of player Zero_two is e35097cf-c637-3b38-a165-92fb69b0a21c
[13:57:40] [Server thread/INFO]: [DriveBackupV2] Enabling automatic backups
[13:57:40] [Server thread/INFO]: Zero_two joined the game
[13:57:40] [Server thread/INFO]: Zero_two[/127.0.0.1:59286] logged in with entity id 248 at ([world]-9.342962052644399, 63.9375, -339.76678037316304)
[13:57:40] [Server thread/WARN]: [Essentials] File motd.txt does not exist. Creating one for you.
[13:58:00] [Server thread/INFO]: Zero_two issued server command: /help
[13:58:13] [Server thread/INFO]: Zero_two issued server command: /help 2
[13:58:22] [Server thread/INFO]: Zero_two issued server command: /help voicechat
[13:58:26] [Server thread/INFO]: Zero_two issued server command: /voicechat
[13:58:53] [Thread-16/INFO]: [gg.playit.minecraft.PlayitManager] got new client: NewClient{connectAddr=147.185.221.18:29325, peerAddr=172.104.152.224:56192, claimAddress=209.25.143.2:43783, claimToken=[44, 0, 60, -109, -71, -35, 18, 114, -115, -84, 104, -104, -32, -37, -128, 53, 56, 53, 13, -85, 7, 101, -44, -80, 29, 0, 0, 0, 0, 0, 6, -83, -23, 0, 0, 0, 0, 0, 46, 43, -106, 40, 13, -85, 7, 0, 0, 0, 0, 14, 0, 0, 0, 0, 0, 0, -43, 114, 0, 1, 62, 37, -108, -64, 71, 11, -51, 12, 81, 59, 84, 77, -81, 91, -33, 110], tunnelServerId=54642, dataCenterId=14}
[13:58:53] [Thread-16/INFO]: [gg.playit.minecraft.PlayitManager] starting tcp tunnel for client
[13:58:53] [Thread-16/INFO]: [gg.playit.minecraft.PlayitTcpTunnel] start connection to /209.25.143.2:43783 to claim client
[13:58:53] [nioEventLoopGroup-2-3/INFO]: [gg.playit.minecraft.PlayitTcpTunnel] connected to tunnel server, sending claim token
[13:58:53] [nioEventLoopGroup-2-3/INFO]: [gg.playit.minecraft.PlayitTcpTunnel] claim token sent
[13:58:53] [nioEventLoopGroup-2-3/INFO]: [gg.playit.minecraft.PlayitTcpTunnel] connection to tunnel server has been established
[13:58:53] [nioEventLoopGroup-2-3/INFO]: [gg.playit.minecraft.PlayitTcpTunnel] Reflect: ReflectionHelper{ServerConnection=class net.minecraft.server.network.ServerConnection, LegacyPingHandler=class net.minecraft.server.network.LegacyPingHandler, MinecraftServer=class net.minecraft.server.MinecraftServer, PacketSplitter=class net.minecraft.network.PacketSplitter, PacketDecoder=class net.minecraft.network.PacketDecoder, EnumProtocolDirection=class net.minecraft.network.protocol.EnumProtocolDirection, PacketPrepender=class net.minecraft.network.PacketPrepender, PacketEncoder=class net.minecraft.network.PacketEncoder, NetworkManagerServer=class net.minecraft.network.NetworkManagerServer, NetworkManager=class net.minecraft.network.NetworkManager, HandshakeListener=class net.minecraft.server.network.HandshakeListener, PacketListener=interface net.minecraft.network.PacketListener, CraftServer=null}
[13:58:53] [nioEventLoopGroup-2-3/INFO]: [gg.playit.minecraft.PlayitTcpTunnel] failed to get Minecraft server from Bukkit.getServer()
[13:58:53] [nioEventLoopGroup-2-3/INFO]: [gg.playit.minecraft.PlayitTcpTunnel] connecting to minecraft server at localhost/127.0.0.1:25565
[13:58:53] [nioEventLoopGroup-2-4/INFO]: [gg.playit.minecraft.PlayitTcpTunnel] connected to local minecraft server
[13:59:56] [Server thread/INFO]: Zero_two issued server command: /help 3
[14:00:06] [Server thread/INFO]: Zero_two issued server command: /help 4
[14:00:11] [Server thread/INFO]: Zero_two issued server command: /help
[14:00:18] [Server thread/INFO]: Zero_two issued server command: /helpop
[14:00:29] [Server thread/INFO]: Zero_two issued server command: /help
[14:00:40] [Server thread/INFO]: Zero_two issued server command: /help Vault
[14:00:41] [Thread-16/INFO]: [gg.playit.control.ChannelSetup] send keep alive
[14:00:48] [Server thread/INFO]: Zero_two issued server command: /vault-info
[14:00:54] [Server thread/INFO]: Zero_two issued server command: /help
[14:01:38] [nioEventLoopGroup-2-1/WARN]: [gg.playit.minecraft.PlayitTcpTunnel] failed to send data to tunnel
[14:01:38] [nioEventLoopGroup-2-1/WARN]: [gg.playit.minecraft.PlayitTcpTunnel] failed to send data to tunnel
[14:01:38] [Server thread/INFO]: Zero_two lost connection: Disconnected
[14:01:38] [Server thread/INFO]: [voicechat] Disconnecting client Zero_two
[14:01:38] [Server thread/INFO]: Zero_two left the game
[14:01:38] [Thread-16/INFO]: [gg.playit.minecraft.PlayitManager] got new client: NewClient{connectAddr=147.185.221.18:29325, peerAddr=27.7.235.187:57217, claimAddress=209.25.143.2:43784, claimToken=[44, 0, 60, -109, -71, -35, 18, 114, -115, 27, 7, -21, -69, -33, -127, -122, 41, -120, 38, -85, 8, 101, -44, -80, -62, 0, 0, 0, 0, 0, 6, -83, -23, 0, 0, 0, 0, 0, 46, 43, -106, 100, 38, -85, 8, 0, 0, 0, 0, 18, 0, 0, 0, 0, 0, 0, -41, -49, 0, 1, 76, 73, 16, 20, 73, -69, -31, -63, -49, -115, -39, -52, -33, 58, -31, -38], tunnelServerId=55247, dataCenterId=18}
[14:01:38] [Thread-16/INFO]: [gg.playit.minecraft.PlayitManager] starting tcp tunnel for client
[14:01:38] [Thread-16/INFO]: [gg.playit.minecraft.PlayitTcpTunnel] start connection to /209.25.143.2:43784 to claim client
[14:01:38] [nioEventLoopGroup-2-1/INFO]: [gg.playit.minecraft.PlayitTcpTunnel] connected to tunnel server, sending claim token
[14:01:38] [nioEventLoopGroup-2-1/INFO]: [gg.playit.minecraft.PlayitTcpTunnel] claim token sent
[14:01:38] [nioEventLoopGroup-2-1/INFO]: [gg.playit.minecraft.PlayitTcpTunnel] connection to tunnel server has been established
[14:01:38] [nioEventLoopGroup-2-1/INFO]: [gg.playit.minecraft.PlayitTcpTunnel] Reflect: ReflectionHelper{ServerConnection=class net.minecraft.server.network.ServerConnection, LegacyPingHandler=class net.minecraft.server.network.LegacyPingHandler, MinecraftServer=class net.minecraft.server.MinecraftServer, PacketSplitter=class net.minecraft.network.PacketSplitter, PacketDecoder=class net.minecraft.network.PacketDecoder, EnumProtocolDirection=class net.minecraft.network.protocol.EnumProtocolDirection, PacketPrepender=class net.minecraft.network.PacketPrepender, PacketEncoder=class net.minecraft.network.PacketEncoder, NetworkManagerServer=class net.minecraft.network.NetworkManagerServer, NetworkManager=class net.minecraft.network.NetworkManager, HandshakeListener=class net.minecraft.server.network.HandshakeListener, PacketListener=interface net.minecraft.network.PacketListener, CraftServer=null}
[14:01:38] [nioEventLoopGroup-2-1/INFO]: [gg.playit.minecraft.PlayitTcpTunnel] failed to get Minecraft server from Bukkit.getServer()
[14:01:38] [nioEventLoopGroup-2-1/INFO]: [gg.playit.minecraft.PlayitTcpTunnel] connecting to minecraft server at localhost/127.0.0.1:25565
[14:01:38] [nioEventLoopGroup-2-2/INFO]: [gg.playit.minecraft.PlayitTcpTunnel] connected to local minecraft server
[14:01:46] [Thread-16/INFO]: [gg.playit.minecraft.PlayitManager] got new client: NewClient{connectAddr=147.185.221.18:29325, peerAddr=172.104.152.224:37174, claimAddress=209.25.143.2:43783, claimToken=[44, 0, 60, -109, -71, -35, 18, 114, -115, -84, 104, -104, -32, -111, 54, -37, -80, 10, 0, -85, 7, 101, -44, -80, -54, 0, 0, 0, 0, 0, 6, -83, -23, 0, 0, 0, 0, 0, 46, 43, -106, 109, 0, -85, 7, 0, 0, 0, 0, 14, 0, 0, 0, 0, 0, 0, -43, 113, 0, 1, 99, -22, -95, 19, -22, -105, 16, -75, -9, 0, -71, 92, -73, 37, 12, -77], tunnelServerId=54641, dataCenterId=14}
[14:01:46] [Thread-16/INFO]: [gg.playit.minecraft.PlayitManager] starting tcp tunnel for client
[14:01:46] [Thread-16/INFO]: [gg.playit.minecraft.PlayitTcpTunnel] start connection to /209.25.143.2:43783 to claim client
[14:01:46] [nioEventLoopGroup-2-3/INFO]: [gg.playit.minecraft.PlayitTcpTunnel] connected to tunnel server, sending claim token
[14:01:46] [nioEventLoopGroup-2-3/INFO]: [gg.playit.minecraft.PlayitTcpTunnel] claim token sent
[14:01:46] [nioEventLoopGroup-2-3/INFO]: [gg.playit.minecraft.PlayitTcpTunnel] connection to tunnel server has been established
[14:01:46] [nioEventLoopGroup-2-3/INFO]: [gg.playit.minecraft.PlayitTcpTunnel] Reflect: ReflectionHelper{ServerConnection=class net.minecraft.server.network.ServerConnection, LegacyPingHandler=class net.minecraft.server.network.LegacyPingHandler, MinecraftServer=class net.minecraft.server.MinecraftServer, PacketSplitter=class net.minecraft.network.PacketSplitter, PacketDecoder=class net.minecraft.network.PacketDecoder, EnumProtocolDirection=class net.minecraft.network.protocol.EnumProtocolDirection, PacketPrepender=class net.minecraft.network.PacketPrepender, PacketEncoder=class net.minecraft.network.PacketEncoder, NetworkManagerServer=class net.minecraft.network.NetworkManagerServer, NetworkManager=class net.minecraft.network.NetworkManager, HandshakeListener=class net.minecraft.server.network.HandshakeListener, PacketListener=interface net.minecraft.network.PacketListener, CraftServer=null}
[14:01:46] [nioEventLoopGroup-2-3/INFO]: [gg.playit.minecraft.PlayitTcpTunnel] failed to get Minecraft server from Bukkit.getServer()
[14:01:46] [nioEventLoopGroup-2-3/INFO]: [gg.playit.minecraft.PlayitTcpTunnel] connecting to minecraft server at localhost/127.0.0.1:25565
[14:01:46] [nioEventLoopGroup-2-4/INFO]: [gg.playit.minecraft.PlayitTcpTunnel] connected to local minecraft server
[14:03:23] [Thread-16/INFO]: [gg.playit.minecraft.PlayitManager] got new client: NewClient{connectAddr=209.25.140.181:58492, peerAddr=73.157.172.140:35630, claimAddress=209.25.143.2:43783, claimToken=[44, 0, 60, -47, 25, -116, -75, -28, 124, 73, -99, -84, -116, -117, 46, 36, -92, 10, 62, -85, 7, 101, -44, -79, 43, 0, 0, 0, 0, 0, 6, -83, -23, 0, 0, 0, 0, 0, 46, 43, -106, 24, 62, -85, 7, 0, 0, 0, 0, 1, 0, 0, 0, 0, 0, 0, -43, 59, 0, 1, -75, 41, -84, 103, 11, 106, -9, -126, -30, -23, 59, -55, 49, -71, 45, 10], tunnelServerId=54587, dataCenterId=1}
[14:03:23] [Thread-16/INFO]: [gg.playit.minecraft.PlayitManager] starting tcp tunnel for client
[14:03:23] [Thread-16/INFO]: [gg.playit.minecraft.PlayitTcpTunnel] start connection to /209.25.143.2:43783 to claim client
[14:03:23] [nioEventLoopGroup-2-1/INFO]: [gg.playit.minecraft.PlayitTcpTunnel] connected to tunnel server, sending claim token
[14:03:23] [nioEventLoopGroup-2-1/INFO]: [gg.playit.minecraft.PlayitTcpTunnel] claim token sent
[14:03:23] [nioEventLoopGroup-2-1/INFO]: [gg.playit.minecraft.PlayitTcpTunnel] connection to tunnel server has been established
[14:03:23] [nioEventLoopGroup-2-1/INFO]: [gg.playit.minecraft.PlayitTcpTunnel] Reflect: ReflectionHelper{ServerConnection=class net.minecraft.server.network.ServerConnection, LegacyPingHandler=class net.minecraft.server.network.LegacyPingHandler, MinecraftServer=class net.minecraft.server.MinecraftServer, PacketSplitter=class net.minecraft.network.PacketSplitter, PacketDecoder=class net.minecraft.network.PacketDecoder, EnumProtocolDirection=class net.minecraft.network.protocol.EnumProtocolDirection, PacketPrepender=class net.minecraft.network.PacketPrepender, PacketEncoder=class net.minecraft.network.PacketEncoder, NetworkManagerServer=class net.minecraft.network.NetworkManagerServer, NetworkManager=class net.minecraft.network.NetworkManager, HandshakeListener=class net.minecraft.server.network.HandshakeListener, PacketListener=interface net.minecraft.network.PacketListener, CraftServer=null}
[14:03:23] [nioEventLoopGroup-2-1/INFO]: [gg.playit.minecraft.PlayitTcpTunnel] failed to get Minecraft server from Bukkit.getServer()
[14:03:23] [nioEventLoopGroup-2-1/INFO]: [gg.playit.minecraft.PlayitTcpTunnel] connecting to minecraft server at localhost/127.0.0.1:25565
[14:03:23] [nioEventLoopGroup-2-2/INFO]: [gg.playit.minecraft.PlayitTcpTunnel] connected to local minecraft server
[14:03:23] [nioEventLoopGroup-2-2/WARN]: [gg.playit.minecraft.PlayitTcpTunnel] failed to send data to minecraft server
[14:03:23] [Thread-16/INFO]: [gg.playit.minecraft.PlayitManager] got new client: NewClient{connectAddr=209.25.140.181:58492, peerAddr=73.157.172.140:35636, claimAddress=209.25.143.2:43783, claimToken=[44, 0, 60, -47, 25, -116, -75, -28, 124, 73, -99, -84, -116, -117, 52, -97, 121, -122, -71, -85, 7, 101, -44, -79, 43, 0, 0, 0, 0, 0, 6, -83, -23, 0, 0, 0, 0, 0, 46, 43, -106, -47, -71, -85, 7, 0, 0, 0, 0, 1, 0, 0, 0, 0, 0, 0, -41, -51, 0, 1, 90, 1, 82, 14, -56, -96, 50, -77, 68, 93, -25, -24, -59, -104, 94, -69], tunnelServerId=55245, dataCenterId=1}
[14:03:23] [Thread-16/INFO]: [gg.playit.minecraft.PlayitManager] starting tcp tunnel for client
[14:03:23] [Thread-16/INFO]: [gg.playit.minecraft.PlayitTcpTunnel] start connection to /209.25.143.2:43783 to claim client
[14:03:23] [nioEventLoopGroup-2-3/INFO]: [gg.playit.minecraft.PlayitTcpTunnel] connected to tunnel server, sending claim token
[14:03:23] [nioEventLoopGroup-2-3/INFO]: [gg.playit.minecraft.PlayitTcpTunnel] claim token sent
[14:03:23] [nioEventLoopGroup-2-3/INFO]: [gg.playit.minecraft.PlayitTcpTunnel] connection to tunnel server has been established
[14:03:23] [nioEventLoopGroup-2-3/INFO]: [gg.playit.minecraft.PlayitTcpTunnel] Reflect: ReflectionHelper{ServerConnection=class net.minecraft.server.network.ServerConnection, LegacyPingHandler=class net.minecraft.server.network.LegacyPingHandler, MinecraftServer=class net.minecraft.server.MinecraftServer, PacketSplitter=class net.minecraft.network.PacketSplitter, PacketDecoder=class net.minecraft.network.PacketDecoder, EnumProtocolDirection=class net.minecraft.network.protocol.EnumProtocolDirection, PacketPrepender=class net.minecraft.network.PacketPrepender, PacketEncoder=class net.minecraft.network.PacketEncoder, NetworkManagerServer=class net.minecraft.network.NetworkManagerServer, NetworkManager=class net.minecraft.network.NetworkManager, HandshakeListener=class net.minecraft.server.network.HandshakeListener, PacketListener=interface net.minecraft.network.PacketListener, CraftServer=null}
[14:03:23] [nioEventLoopGroup-2-3/INFO]: [gg.playit.minecraft.PlayitTcpTunnel] failed to get Minecraft server from Bukkit.getServer()
[14:03:23] [nioEventLoopGroup-2-3/INFO]: [gg.playit.minecraft.PlayitTcpTunnel] connecting to minecraft server at localhost/127.0.0.1:25565
[14:03:23] [nioEventLoopGroup-2-4/INFO]: [gg.playit.minecraft.PlayitTcpTunnel] connected to local minecraft server
[14:03:26] [Thread-16/INFO]: [gg.playit.minecraft.PlayitManager] got new client: NewClient{connectAddr=209.25.140.181:58492, peerAddr=73.157.172.140:35640, claimAddress=209.25.143.2:43783, claimToken=[44, 0, 60, -47, 25, -116, -75, -28, 124, 73, -99, -84, -116, -117, 56, 55, 109, -119, 45, -85, 7, 101, -44, -79, 46, 0, 0, 0, 0, 0, 6, -83, -23, 0, 0, 0, 0, 0, 46, 43, -106, -103, 45, -85, 7, 0, 0, 0, 0, 1, 0, 0, 0, 0, 0, 0, -43, 59, 0, 1, 119, -5, -72, 108, -46, 34, -82, 38, -9, 90, -100, -113, -99, -94, -58, -13], tunnelServerId=54587, dataCenterId=1}
[14:03:26] [Thread-16/INFO]: [gg.playit.minecraft.PlayitManager] starting tcp tunnel for client
[14:03:26] [Thread-16/INFO]: [gg.playit.minecraft.PlayitTcpTunnel] start connection to /209.25.143.2:43783 to claim client
[14:03:26] [nioEventLoopGroup-2-1/INFO]: [gg.playit.minecraft.PlayitTcpTunnel] connected to tunnel server, sending claim token
[14:03:26] [nioEventLoopGroup-2-1/INFO]: [gg.playit.minecraft.PlayitTcpTunnel] claim token sent
[14:03:26] [nioEventLoopGroup-2-1/INFO]: [gg.playit.minecraft.PlayitTcpTunnel] connection to tunnel server has been established
[14:03:26] [nioEventLoopGroup-2-1/INFO]: [gg.playit.minecraft.PlayitTcpTunnel] Reflect: ReflectionHelper{ServerConnection=class net.minecraft.server.network.ServerConnection, LegacyPingHandler=class net.minecraft.server.network.LegacyPingHandler, MinecraftServer=class net.minecraft.server.MinecraftServer, PacketSplitter=class net.minecraft.network.PacketSplitter, PacketDecoder=class net.minecraft.network.PacketDecoder, EnumProtocolDirection=class net.minecraft.network.protocol.EnumProtocolDirection, PacketPrepender=class net.minecraft.network.PacketPrepender, PacketEncoder=class net.minecraft.network.PacketEncoder, NetworkManagerServer=class net.minecraft.network.NetworkManagerServer, NetworkManager=class net.minecraft.network.NetworkManager, HandshakeListener=class net.minecraft.server.network.HandshakeListener, PacketListener=interface net.minecraft.network.PacketListener, CraftServer=null}
[14:03:26] [nioEventLoopGroup-2-1/INFO]: [gg.playit.minecraft.PlayitTcpTunnel] failed to get Minecraft server from Bukkit.getServer()
[14:03:26] [nioEventLoopGroup-2-1/INFO]: [gg.playit.minecraft.PlayitTcpTunnel] connecting to minecraft server at localhost/127.0.0.1:25565
[14:03:26] [nioEventLoopGroup-2-2/INFO]: [gg.playit.minecraft.PlayitTcpTunnel] connected to local minecraft server
[14:03:26] [Thread-16/INFO]: [gg.playit.minecraft.PlayitManager] got new client: NewClient{connectAddr=[2602:fbaf:0808:0000:0000:0000:0000:00b5]:58492, peerAddr=[2601:01c0:c800:6847:0000:0000:0000:0038]:46942, claimAddress=209.25.143.2:43783, claimToken=[64, 0, 88, 38, 2, -5, -81, 8, 8, 0, 0, 0, 0, 0, 0, 0, 0, 0, -75, -28, 124, 38, 1, 1, -64, -56, 0, 104, 71, 0, 0, 0, 0, 0, 0, 0, 56, -73, 94, 0, 0, 0, 0, 5, -44, 94, 82, -85, 7, 101, -44, -79, 46, 0, 0, 0, 0, 0, 6, -83, -23, 0, 0, 0, 0, 0, 46, 43, -106, 78, 82, -85, 7, 0, 0, 0, 0, 8, 0, 0, 0, 0, 0, 0, 115, -5, 0, 1, -71, 69, -25, 61, 120, 27, 18, -67, -45, 50, -64, -8, -37, 120, 127, 68], tunnelServerId=29691, dataCenterId=8}
[14:03:26] [Thread-16/INFO]: [gg.playit.minecraft.PlayitManager] starting tcp tunnel for client
[14:03:26] [Thread-16/INFO]: [gg.playit.minecraft.PlayitTcpTunnel] start connection to /209.25.143.2:43783 to claim client
[14:03:26] [nioEventLoopGroup-2-3/INFO]: [gg.playit.minecraft.PlayitTcpTunnel] connected to tunnel server, sending claim token
[14:03:26] [nioEventLoopGroup-2-3/INFO]: [gg.playit.minecraft.PlayitTcpTunnel] claim token sent
[14:03:26] [nioEventLoopGroup-2-3/INFO]: [gg.playit.minecraft.PlayitTcpTunnel] connection to tunnel server has been established
[14:03:26] [nioEventLoopGroup-2-3/INFO]: [gg.playit.minecraft.PlayitTcpTunnel] Reflect: ReflectionHelper{ServerConnection=class net.minecraft.server.network.ServerConnection, LegacyPingHandler=class net.minecraft.server.network.LegacyPingHandler, MinecraftServer=class net.minecraft.server.MinecraftServer, PacketSplitter=class net.minecraft.network.PacketSplitter, PacketDecoder=class net.minecraft.network.PacketDecoder, EnumProtocolDirection=class net.minecraft.network.protocol.EnumProtocolDirection, PacketPrepender=class net.minecraft.network.PacketPrepender, PacketEncoder=class net.minecraft.network.PacketEncoder, NetworkManagerServer=class net.minecraft.network.NetworkManagerServer, NetworkManager=class net.minecraft.network.NetworkManager, HandshakeListener=class net.minecraft.server.network.HandshakeListener, PacketListener=interface net.minecraft.network.PacketListener, CraftServer=null}
[14:03:26] [nioEventLoopGroup-2-3/INFO]: [gg.playit.minecraft.PlayitTcpTunnel] failed to get Minecraft server from Bukkit.getServer()
[14:03:26] [nioEventLoopGroup-2-3/INFO]: [gg.playit.minecraft.PlayitTcpTunnel] connecting to minecraft server at localhost/127.0.0.1:25565
[14:03:26] [nioEventLoopGroup-2-4/INFO]: [gg.playit.minecraft.PlayitTcpTunnel] connected to local minecraft server
[14:04:42] [Thread-16/INFO]: [gg.playit.control.ChannelSetup] send keep alive
[14:07:05] [Server thread/INFO]: Stopping the server
[14:07:05] [Server thread/INFO]: Stopping server
[14:07:05] [Server thread/INFO]: [Zenchantments] Disabling Zenchantments v19.4.0
[14:07:05] [Server thread/INFO]: [DeadChest] Disabling DeadChest v4.18.0
[14:07:05] [Server thread/INFO]: [playit-gg] Disabling playit-gg v0.1.4
[14:07:05] [Server thread/INFO]: [voicechat] Disabling voicechat v2.4.30
[14:07:05] [Server thread/INFO]: [GriefPrevention] Disabling GriefPrevention v16.18.2
[14:07:05] [Server thread/INFO]: [GriefPrevention] GriefPrevention disabled.
[14:07:05] [Server thread/INFO]: [SinglePlayerSleep] Disabling SinglePlayerSleep v1.13_2.13.50
[14:07:05] [Server thread/INFO]: §a**************************************§r
[14:07:05] [Server thread/INFO]: §eSinglePlayerSleep v1.13_2.13.50§r is DISABLED
[14:07:05] [Server thread/INFO]: §a**************************************§r
[14:07:05] [Server thread/INFO]: [Geyser-Spigot] Disabling Geyser-Spigot v2.2.2-SNAPSHOT
[14:07:05] [Server thread/INFO]: [Geyser-Spigot] Shutting down Geyser.
[14:07:05] [Server thread/INFO]: [Geyser-Spigot] Geyser shutdown successfully.
[14:07:05] [Server thread/INFO]: [FarmProtect] Disabling FarmProtect v1.9.0
[14:07:05] [Server thread/INFO]: [DriveBackupV2] Disabling DriveBackupV2 v1.6.1
[14:07:05] [Server thread/INFO]: [DriveBackupV2] Stopping plugin!
[14:07:05] [Server thread/INFO]: [CoreProtect] Disabling CoreProtect v22.2
[14:07:05] [Server thread/INFO]: [CoreProtect] Finishing up data logging. Please wait...
[14:07:06] [Server thread/INFO]: [CoreProtect] Success! Disabled CoreProtect v22.2
[14:07:06] [Server thread/INFO]: [WorldGuard] Disabling WorldGuard v7.0.9+5934e49
[14:07:06] [Server thread/INFO]: [WorldGuard] Shutting down executor and cancelling any pending tasks...
[14:07:06] [Server thread/INFO]: [Essentials] Disabling Essentials v2.20.1
[14:07:06] [Server thread/INFO]: [Vault] [Economy] Essentials Economy unhooked.
[14:07:06] [Server thread/INFO]: [WorldEdit] Disabling WorldEdit v7.2.19+6642-415ef95
[14:07:06] [Server thread/INFO]: Unregistering com.sk89q.worldedit.bukkit.BukkitServerInterface from WorldEdit
[14:07:06] [Server thread/INFO]: [Vault] Disabling Vault v1.7.3-b131
[14:07:06] [Server thread/INFO]: Saving players
[14:07:06] [Thread-16/INFO]: [gg.playit.minecraft.PlayitManager] control channel shutdown
[14:07:06] [Server thread/INFO]: Saving worlds
[14:07:06] [Server thread/INFO]: Saving chunks for level 'ServerLevel[world]'/minecraft:overworld
[14:07:06] [Server thread/INFO]: [ChunkHolderManager] Waiting 60s for chunk system to halt for world 'world'
[14:07:06] [Server thread/INFO]: [ChunkHolderManager] Halted chunk system for world 'world'
[14:07:06] [Server thread/INFO]: [ChunkHolderManager] Saving all chunkholders for world 'world'
[14:07:06] [Server thread/INFO]: [ChunkHolderManager] Saved 383 block chunks, 58 entity chunks, 1 poi chunks in world 'world' in 0.24s
[14:07:06] [Server thread/INFO]: ThreadedAnvilChunkStorage (world): All chunks are saved
[14:07:06] [Server thread/INFO]: Saving chunks for level 'ServerLevel[world_nether]'/minecraft:the_nether
[14:07:06] [Server thread/INFO]: [ChunkHolderManager] Waiting 60s for chunk system to halt for world 'world_nether'
[14:07:06] [Server thread/INFO]: [ChunkHolderManager] Halted chunk system for world 'world_nether'
[14:07:06] [Server thread/INFO]: [ChunkHolderManager] Saving all chunkholders for world 'world_nether'
[14:07:06] [Server thread/INFO]: [ChunkHolderManager] Saved 0 block chunks, 10 entity chunks, 0 poi chunks in world 'world_nether' in 0.00s
[14:07:07] [Server thread/INFO]: ThreadedAnvilChunkStorage (DIM-1): All chunks are saved
[14:07:07] [Server thread/INFO]: Saving chunks for level 'ServerLevel[world_the_end]'/minecraft:the_end
[14:07:07] [Server thread/INFO]: [ChunkHolderManager] Waiting 60s for chunk system to halt for world 'world_the_end'
[14:07:07] [Server thread/INFO]: [ChunkHolderManager] Halted chunk system for world 'world_the_end'
[14:07:07] [Server thread/INFO]: [ChunkHolderManager] Saving all chunkholders for world 'world_the_end'
[14:07:07] [Server thread/INFO]: [ChunkHolderManager] Saved 0 block chunks, 3 entity chunks, 0 poi chunks in world 'world_the_end' in 0.00s
[14:07:07] [Server thread/INFO]: ThreadedAnvilChunkStorage (DIM1): All chunks are saved
[14:07:07] [Server thread/INFO]: ThreadedAnvilChunkStorage: All dimensions are saved
[14:07:07] [Server thread/INFO]: Flushing Chunk IO
[14:07:07] [Server thread/INFO]: Closing Thread Pool
[14:07:07] [Server thread/INFO]: Closing Server
